[1028/101745:ERROR:ipc_channel_win.cc(217)] pipe error: 109
[1028/101745:WARNING:raw_channel_win.cc(532)] WriteFile: 管道正在被关闭。 (0xE8)
[1028/101745:WARNING:channel.cc(359)] RawChannel write error
[1028/101751:ERROR:ipc_channel_win.cc(217)] pipe error: 109
[1028/101751:WARNING:raw_channel_win.cc(532)] WriteFile: 管道正在被关闭。 (0xE8)
[1028/101751:WARNING:channel.cc(359)] RawChannel write error
[1028/101751:FATAL:memory.cc(19)] Out of memory. size=4194304
[1028/112250:ERROR:ipc_channel_win.cc(217)] pipe error: 109
[1028/112250:WARNING:raw_channel_win.cc(532)] WriteFile: 管道正在被关闭。 (0xE8)
[1028/112250:WARNING:channel.cc(359)] RawChannel write error
[1028/113549:ERROR:ipc_channel_win.cc(217)] pipe error: 109
[1028/113549:WARNING:raw_channel_win.cc(532)] WriteFile: 管道正在被关闭。 (0xE8)
[1028/113549:WARNING:channel.cc(359)] RawChannel write error
[1028/183619:WARNING:raw_channel_win.cc(532)] WriteFile: 管道正在被关闭。 (0xE8)
[1028/183619:WARNING:channel.cc(359)] RawChannel write error
[1028/183619:ERROR:ipc_channel_win.cc(217)] pipe error: 109
[1028/183619:WARNING:raw_channel_win.cc(532)] WriteFile: 管道正在被关闭。 (0xE8)
[1028/183619:WARNING:channel.cc(359)] RawChannel write error
[1028/183619:ERROR:ipc_channel_win.cc(217)] pipe error: 109
[1028/183619:WARNING:raw_channel_win.cc(532)] WriteFile: 管道正在被关闭。 (0xE8)
[1028/183619:WARNING:channel.cc(359)] RawChannel write error
[1028/183619:ERROR:ipc_channel_win.cc(217)] pipe error: 109
[1028/183619:WARNING:raw_channel_win.cc(532)] WriteFile: 管道正在被关闭。 (0xE8)
[1028/183619:WARNING:channel.cc(359)] RawChannel write error
[1028/183619:ERROR:ipc_channel_win.cc(217)] pipe error: 109
[1028/183619:WARNING:raw_channel_win.cc(532)] WriteFile: 管道正在被关闭。 (0xE8)
[1028/183619:WARNING:channel.cc(359)] RawChannel write error
[1028/183619:ERROR:ipc_channel_win.cc(217)] pipe error: 109
[1028/183619:WARNING:raw_channel_win.cc(532)] WriteFile: 管道正在被关闭。 (0xE8)
[1028/183619:WARNING:channel.cc(359)] RawChannel write error
[1029/101057:ERROR:ipc_channel_win.cc(217)] pipe error: 109
[1029/101057:WARNING:raw_channel_win.cc(532)] WriteFile: 管道正在被关闭。 (0xE8)
[1029/101057:WARNING:channel.cc(359)] RawChannel write error
[1029/101057:ERROR:ipc_channel_win.cc(217)] pipe error: 109
[1029/101057:WARNING:raw_channel_win.cc(532)] WriteFile: 管道正在被关闭。 (0xE8)
[1029/101057:WARNING:channel.cc(359)] RawChannel write error
[1029/101057:WARNING:raw_channel_win.cc(532)] WriteFile: 管道正在被关闭。 (0xE8)
[1029/101057:WARNING:channel.cc(359)] RawChannel write error
[1030/081459:WARNING:dns_config_service_win.cc(674)] Failed to read DnsConfig.
[1030/081500:WARNING:dns_config_service_win.cc(674)] Failed to read DnsConfig.
[1031/081731:WARNING:dns_config_service_win.cc(674)] Failed to read DnsConfig.
[1031/081736:WARNING:dns_config_service_win.cc(674)] Failed to read DnsConfig.
[1031/081741:WARNING:dns_config_service_win.cc(674)] Failed to read DnsConfig.
[1031/081746:WARNING:dns_config_service_win.cc(674)] Failed to read DnsConfig.
[1031/081751:WARNING:dns_config_service_win.cc(674)] Failed to read DnsConfig.
[1031/081756:WARNING:dns_config_service_win.cc(674)] Failed to read DnsConfig.
[1031/081801:WARNING:dns_config_service_win.cc(674)] Failed to read DnsConfig.
[1031/081806:WARNING:dns_config_service_win.cc(674)] Failed to read DnsConfig.
[1031/081811:WARNING:dns_config_service_win.cc(674)] Failed to read DnsConfig.
[1031/081816:WARNING:dns_config_service_win.cc(674)] Failed to read DnsConfig.
[1031/081821:WARNING:dns_config_service_win.cc(674)] Failed to read DnsConfig.
[1031/081821:WARNING:dns_config_service_win.cc(674)] Failed to read DnsConfig.
[1031/081821:WARNING:dns_config_service_win.cc(674)] Failed to read DnsConfig.
[1031/081821:WARNING:dns_config_service_win.cc(674)] Failed to read DnsConfig.
[1031/081821:WARNING:dns_config_service_win.cc(674)] Failed to read DnsConfig.
[1031/081821:WARNING:dns_config_service_win.cc(674)] Failed to read DnsConfig.
